===============================================
Compiling bench_dsmem_read.cu
===============================================
===============================================
Compiling bench_dsmem_write.cu
===============================================
===============================================
Compiling bench_dsmem_pingpong.cu
===============================================
===============================================
Compiling bench_software_dsmem_gemm.cu
===============================================
===============================================
Compiling bench_cutlass_2sm_gemm.cu
===============================================
/workspace/Roofline-Analysis/experiments/blackwell_dsmem_2sm/../../cutlass/include/cutlass/gemm/kernel/sm100_static_tile_scheduler.hpp(53): warning #20012-D: __device__ annotation is ignored on a non-virtual function("StaticPersistentTileScheduler100") that is explicitly defaulted on its first declaration
    __inline__ __attribute__((always_inline)) __attribute__((device)) __attribute__((host))
                                                             ^

Remark: The warnings can be suppressed with "-diag-suppress <warning-number>"

/workspace/Roofline-Analysis/experiments/blackwell_dsmem_2sm/../../cutlass/include/cutlass/gemm/kernel/sm100_static_tile_scheduler.hpp(53): warning #20012-D: __host__ annotation is ignored on a non-virtual function("StaticPersistentTileScheduler100") that is explicitly defaulted on its first declaration
    __inline__ __attribute__((always_inline)) __attribute__((device)) __attribute__((host))
                                                                                     ^

/workspace/Roofline-Analysis/experiments/blackwell_dsmem_2sm/../../cutlass/include/cutlass/gemm/kernel/sm100_static_tile_scheduler.hpp(53): warning #20012-D: __device__ annotation is ignored on a non-virtual function("StaticPersistentTileScheduler100") that is explicitly defaulted on its first declaration
    __inline__ __attribute__((always_inline)) __attribute__((device)) __attribute__((host))
                                                             ^

Remark: The warnings can be suppressed with "-diag-suppress <warning-number>"

/workspace/Roofline-Analysis/experiments/blackwell_dsmem_2sm/../../cutlass/include/cutlass/gemm/kernel/sm100_static_tile_scheduler.hpp(53): warning #20012-D: __host__ annotation is ignored on a non-virtual function("StaticPersistentTileScheduler100") that is explicitly defaulted on its first declaration
    __inline__ __attribute__((always_inline)) __attribute__((device)) __attribute__((host))
                                                                                     ^

/workspace/Roofline-Analysis/experiments/blackwell_dsmem_2sm/../../cutlass/include/cutlass/gemm/kernel/sm100_static_tile_scheduler.hpp(53): warning #20012-D: __device__ annotation is ignored on a non-virtual function("StaticPersistentTileScheduler100") that is explicitly defaulted on its first declaration
    __inline__ __attribute__((always_inline)) __attribute__((device)) __attribute__((host))
                                                             ^

Remark: The warnings can be suppressed with "-diag-suppress <warning-number>"

/workspace/Roofline-Analysis/experiments/blackwell_dsmem_2sm/../../cutlass/include/cutlass/gemm/kernel/sm100_static_tile_scheduler.hpp(53): warning #20012-D: __host__ annotation is ignored on a non-virtual function("StaticPersistentTileScheduler100") that is explicitly defaulted on its first declaration
    __inline__ __attribute__((always_inline)) __attribute__((device)) __attribute__((host))
                                                                                     ^

CONFIG benchmark=bench_dsmem_read mode=local repeats=10 warmup_repeats=3 iters=2048 buffer_bytes=65536 align_bytes=32 vec_bytes=4 cluster_dim_x=2
RESULT benchmark=bench_dsmem_read mode=local repeat=0 iters=2048 buffer_bytes=65536 align_bytes=32 vec_bytes=4 cycles=6537457 bytes=134217728 elapsed_ns=3217252.4606 bandwidth_gbps=41.7181 checksum=458752
RESULT benchmark=bench_dsmem_read mode=local repeat=1 iters=2048 buffer_bytes=65536 align_bytes=32 vec_bytes=4 cycles=6537457 bytes=134217728 elapsed_ns=3217252.4606 bandwidth_gbps=41.7181 checksum=458752
RESULT benchmark=bench_dsmem_read mode=local repeat=2 iters=2048 buffer_bytes=65536 align_bytes=32 vec_bytes=4 cycles=6537457 bytes=134217728 elapsed_ns=3217252.4606 bandwidth_gbps=41.7181 checksum=458752
RESULT benchmark=bench_dsmem_read mode=local repeat=3 iters=2048 buffer_bytes=65536 align_bytes=32 vec_bytes=4 cycles=6537457 bytes=134217728 elapsed_ns=3217252.4606 bandwidth_gbps=41.7181 checksum=458752
RESULT benchmark=bench_dsmem_read mode=local repeat=4 iters=2048 buffer_bytes=65536 align_bytes=32 vec_bytes=4 cycles=6537457 bytes=134217728 elapsed_ns=3217252.4606 bandwidth_gbps=41.7181 checksum=458752
RESULT benchmark=bench_dsmem_read mode=local repeat=5 iters=2048 buffer_bytes=65536 align_bytes=32 vec_bytes=4 cycles=6537457 bytes=134217728 elapsed_ns=3217252.4606 bandwidth_gbps=41.7181 checksum=458752
RESULT benchmark=bench_dsmem_read mode=local repeat=6 iters=2048 buffer_bytes=65536 align_bytes=32 vec_bytes=4 cycles=6537457 bytes=134217728 elapsed_ns=3217252.4606 bandwidth_gbps=41.7181 checksum=458752
RESULT benchmark=bench_dsmem_read mode=local repeat=7 iters=2048 buffer_bytes=65536 align_bytes=32 vec_bytes=4 cycles=6537457 bytes=134217728 elapsed_ns=3217252.4606 bandwidth_gbps=41.7181 checksum=458752
RESULT benchmark=bench_dsmem_read mode=local repeat=8 iters=2048 buffer_bytes=65536 align_bytes=32 vec_bytes=4 cycles=6537457 bytes=134217728 elapsed_ns=3217252.4606 bandwidth_gbps=41.7181 checksum=458752
RESULT benchmark=bench_dsmem_read mode=local repeat=9 iters=2048 buffer_bytes=65536 align_bytes=32 vec_bytes=4 cycles=6537457 bytes=134217728 elapsed_ns=3217252.4606 bandwidth_gbps=41.7181 checksum=458752
CONFIG benchmark=bench_dsmem_write mode=local repeats=10 warmup_repeats=3 iters=2048 buffer_bytes=65536 align_bytes=32 vec_bytes=4 cluster_dim_x=2
RESULT benchmark=bench_dsmem_write mode=local repeat=0 iters=2048 buffer_bytes=65536 align_bytes=32 vec_bytes=4 cycles=3576003 bytes=134217728 elapsed_ns=1759843.9961 bandwidth_gbps=76.2668 checksum=0
RESULT benchmark=bench_dsmem_write mode=local repeat=1 iters=2048 buffer_bytes=65536 align_bytes=32 vec_bytes=4 cycles=3576003 bytes=134217728 elapsed_ns=1759843.9961 bandwidth_gbps=76.2668 checksum=0
RESULT benchmark=bench_dsmem_write mode=local repeat=2 iters=2048 buffer_bytes=65536 align_bytes=32 vec_bytes=4 cycles=3576003 bytes=134217728 elapsed_ns=1759843.9961 bandwidth_gbps=76.2668 checksum=0
RESULT benchmark=bench_dsmem_write mode=local repeat=3 iters=2048 buffer_bytes=65536 align_bytes=32 vec_bytes=4 cycles=3576003 bytes=134217728 elapsed_ns=1759843.9961 bandwidth_gbps=76.2668 checksum=0
RESULT benchmark=bench_dsmem_write mode=local repeat=4 iters=2048 buffer_bytes=65536 align_bytes=32 vec_bytes=4 cycles=3576003 bytes=134217728 elapsed_ns=1759843.9961 bandwidth_gbps=76.2668 checksum=0
RESULT benchmark=bench_dsmem_write mode=local repeat=5 iters=2048 buffer_bytes=65536 align_bytes=32 vec_bytes=4 cycles=3576003 bytes=134217728 elapsed_ns=1759843.9961 bandwidth_gbps=76.2668 checksum=0
RESULT benchmark=bench_dsmem_write mode=local repeat=6 iters=2048 buffer_bytes=65536 align_bytes=32 vec_bytes=4 cycles=3576003 bytes=134217728 elapsed_ns=1759843.9961 bandwidth_gbps=76.2668 checksum=0
RESULT benchmark=bench_dsmem_write mode=local repeat=7 iters=2048 buffer_bytes=65536 align_bytes=32 vec_bytes=4 cycles=3576003 bytes=134217728 elapsed_ns=1759843.9961 bandwidth_gbps=76.2668 checksum=0
RESULT benchmark=bench_dsmem_write mode=local repeat=8 iters=2048 buffer_bytes=65536 align_bytes=32 vec_bytes=4 cycles=3576003 bytes=134217728 elapsed_ns=1759843.9961 bandwidth_gbps=76.2668 checksum=0
RESULT benchmark=bench_dsmem_write mode=local repeat=9 iters=2048 buffer_bytes=65536 align_bytes=32 vec_bytes=4 cycles=3576003 bytes=134217728 elapsed_ns=1759843.9961 bandwidth_gbps=76.2668 checksum=0
warmup synchronize failed: unspecified launch failure
CONFIG benchmark=bench_dsmem_read mode=remote repeats=10 warmup_repeats=3 iters=2048 buffer_bytes=65536 align_bytes=32 vec_bytes=4 cluster_dim_x=2
