FlashAttention CuTe DSL Benchmark Log
Timestamp: 20260414T102548Z
GPU: NVIDIA B200, 580.82.07, 183359 MiB, 10.0
NVIDIA B200, 580.82.07, 183359 MiB, 10.0
NVIDIA B200, 580.82.07, 183359 MiB, 10.0
NVIDIA B200, 580.82.07, 183359 MiB, 10.0
NVIDIA B200, 580.82.07, 183359 MiB, 10.0
NVIDIA B200, 580.82.07, 183359 MiB, 10.0
NVIDIA B200, 580.82.07, 183359 MiB, 10.0
NVIDIA B200, 580.82.07, 183359 MiB, 10.0

{
  "timestamp": "2026-04-14T10:26:04.837904",
  "device": {
    "name": "NVIDIA B200",
    "compute_capability": "10.0",
    "memory_gb": 178.3511962890625,
    "peak_tflops": 2250.0
  },
  "results": [
    {
      "stage": 0,
      "seqlen": 512,
      "batch": 64,
      "nheads": 16,
      "headdim": 128,
      "causal": true,
      "warmup_ms": 0.2008176175877452,
      "avg_ms": 0.7930592012902101,
      "min_ms": 0.7401552284136415,
      "max_ms": 1.893219887278974,
      "std_ms": 0.20482438589446736,
      "tflops": 86.82037148296556,
      "tc_util_pct": 3.8586831770206915,
      "error": ""
    },
    {
      "stage": 1,
      "seqlen": 512,
      "batch": 64,
      "nheads": 16,
      "headdim": 128,
      "causal": true,
      "warmup_ms": 0.1511604292318225,
      "avg_ms": 0.30151574561993283,
      "min_ms": 0.29726605862379074,
      "max_ms": 0.31980383209884167,
      "std_ms": 0.0040625484869129935,
      "tflops": 228.35853670737177,
      "tc_util_pct": 10.149268298105412,
      "error": ""
    },
    {
      "stage": 2,
      "seqlen": 512,
      "batch": 64,
      "nheads": 16,
      "headdim": 128,
      "causal": true,
      "warmup_ms": 0.15108839143067598,
      "avg_ms": 0.19580691082713506,
      "min_ms": 0.1933191902935505,
      "max_ms": 0.20927011501044035,
      "std_ms": 0.0027073418024770083,
      "tflops": 351.640778015166,
      "tc_util_pct": 15.628479022896267,
      "error": ""
    },
    {
      "stage": 3,
      "seqlen": 512,
      "batch": 64,
      "nheads": 16,
      "headdim": 128,
      "causal": true,
      "warmup_ms": 0.15064440667629242,
      "avg_ms": 0.16496967330264548,
      "min_ms": 0.16295721288770437,
      "max_ms": 0.17345787491649392,
      "std_ms": 0.0018429069742239709,
      "tflops": 417.3718301404665,
      "tc_util_pct": 18.549859117354067,
      "error": ""
    },
    {
      "stage": 4,
      "seqlen": 512,
      "batch": 64,
      "nheads": 16,
      "headdim": 128,
      "causal": true,
      "warmup_ms": 0.15338980592787266,
      "avg_ms": 0.1505514645638565,
      "min_ms": 0.14852802269160748,
      "max_ms": 0.16229902394115925,
      "std_ms": 0.0023841231289788677,
      "tflops": 457.3432391605573,
      "tc_util_pct": 20.32636618491366,
      "error": ""
    },
    {
      "stage": 0,
      "seqlen": 1024,
      "batch": 32,
      "nheads": 16,
      "headdim": 128,
      "causal": true,
      "warmup_ms": 0.19605562556535006,
      "avg_ms": 0.9749300079420209,
      "min_ms": 0.9597302414476871,
      "max_ms": 1.0022398782894015,
      "std_ms": 0.00863239554010835,
      "tflops": 141.1108182939236,
      "tc_util_pct": 6.271591924174381,
      "error": ""
    },
    {
      "stage": 1,
      "seqlen": 1024,
      "batch": 32,
      "nheads": 16,
      "headdim": 128,
      "causal": true,
      "warmup_ms": 0.1964464085176587,
      "avg_ms": 0.39038680649052065,
      "min_ms": 0.385108171030879,
      "max_ms": 0.39910199120640755,
      "std_ms": 0.0034160451337838264,
      "tflops": 352.40220446164216,
      "tc_util_pct": 15.662320198295207,
      "error": ""
    },
    {
      "stage": 2,
      "seqlen": 1024,
      "batch": 32,
      "nheads": 16,
      "headdim": 128,
      "causal": true,
      "warmup_ms": 0.196719984523952,
      "avg_ms": 0.2547675506987919,
      "min_ms": 0.2511171158403158,
      "max_ms": 0.26431214064359665,
      "std_ms": 0.0027672677479122065,
      "tflops": 539.9948730623502,
      "tc_util_pct": 23.999772136104454,
      "error": ""
    },
    {
      "stage": 3,
      "seqlen": 1024,
      "batch": 32,
      "nheads": 16,
      "headdim": 128,
      "causal": true,
      "warmup_ms": 0.19698264077305794,
      "avg_ms": 0.21512593608349564,
      "min_ms": 0.21267618285492065,
      "max_ms": 0.21905392641201618,
      "std_ms": 0.001687083600991919,
      "tflops": 639.5006278861907,
      "tc_util_pct": 28.422250128275145,
      "error": ""
    },
    {
      "stage": 4,
      "seqlen": 1024,
      "batch": 32,
      "nheads": 16,
      "headdim": 128,
      "causal": true,
      "warmup_ms": 0.19917357712984085,
      "avg_ms": 0.20706192590296268,
      "min_ms": 0.19530602730810642,
      "max_ms": 0.21395611111074686,
      "std_ms": 0.004350089859545983,
      "tflops": 664.4059288064005,
      "tc_util_pct": 29.52915239139558,
      "error": ""
    },
    {
      "stage": 0,
      "seqlen": 2048,
      "batch": 16,
      "nheads": 16,
      "headdim": 128,
      "causal": true,
      "warmup_ms": 0.3046957775950432,
      "avg_ms": 1.5022854786366224,
      "min_ms": 1.483310479670763,
      "max_ms": 1.5426945174112916,
      "std_ms": 0.016141928519250524,
      "tflops": 183.0624928369695,
      "tc_util_pct": 8.1361107927542,
      "error": ""
    },
    {
      "stage": 1,
      "seqlen": 2048,
      "batch": 16,
      "nheads": 16,
      "headdim": 128,
      "causal": true,
      "warmup_ms": 0.300420168787241,
      "avg_ms": 0.6000853609293699,
      "min_ms": 0.5963440053164959,
      "max_ms": 0.6142400670796633,
      "std_ms": 0.003067138768948613,
      "tflops": 458.2883412554517,
      "tc_util_pct": 20.368370722464523,
      "error": ""
    },
    {
      "stage": 2,
      "seqlen": 2048,
      "batch": 16,
      "nheads": 16,
      "headdim": 128,
      "causal": true,
      "warmup_ms": 0.2946421969681978,
      "avg_ms": 0.3836074657738209,
      "min_ms": 0.3814630093984306,
      "max_ms": 0.3894929541274905,
      "std_ms": 0.0016859941634938598,
      "tflops": 716.9102512570756,
      "tc_util_pct": 31.86267783364781,
      "error": ""
    },
    {
      "stage": 3,
      "seqlen": 2048,
      "batch": 16,
      "nheads": 16,
      "headdim": 128,
      "causal": true,
      "warmup_ms": 0.2956162206828594,
      "avg_ms": 0.3253484785091132,
      "min_ms": 0.3226300235837698,
      "max_ms": 0.3316993941552937,
      "std_ms": 0.0016651263590452459,
      "tflops": 845.2848033352544,
      "tc_util_pct": 37.568213481566865,
      "error": ""
    },
    {
      "stage": 4,
      "seqlen": 2048,
      "batch": 16,
      "nheads": 16,
      "headdim": 128,
      "causal": true,
      "warmup_ms": 0.2959742210805416,
      "avg_ms": 0.29541873761142295,
      "min_ms": 0.29424403328448534,
      "max_ms": 0.29916001949459314,
      "std_ms": 0.0009894725272200956,
      "tflops": 930.9230920678273,
      "tc_util_pct": 41.37435964745899,
      "error": ""
    },
    {
      "stage": 0,
      "seqlen": 4096,
      "batch": 8,
      "nheads": 16,
      "headdim": 128,
      "causal": true,
      "warmup_ms": 0.5095361964777112,
      "avg_ms": 2.538036807285001,
      "min_ms": 2.5240250397473574,
      "max_ms": 2.590864896774292,
      "std_ms": 0.014147378635996005,
      "tflops": 216.65959691271405,
      "tc_util_pct": 9.629315418342847,
      "error": ""
    },
    {
      "stage": 1,
      "seqlen": 4096,
      "batch": 8,
      "nheads": 16,
      "headdim": 128,
      "causal": true,
      "warmup_ms": 0.5081741837784648,
      "avg_ms": 1.0159527339662116,
      "min_ms": 1.0106000117957592,
      "max_ms": 1.034121960401535,
      "std_ms": 0.003801058820004933,
      "tflops": 541.2555261988085,
      "tc_util_pct": 24.05580116439149,
      "error": ""
    },
    {
      "stage": 2,
      "seqlen": 4096,
      "batch": 8,
      "nheads": 16,
      "headdim": 128,
      "causal": true,
      "warmup_ms": 0.5094747990369797,
      "avg_ms": 0.6509273258658747,
      "min_ms": 0.6271511083468795,
      "max_ms": 0.6728435051627457,
      "std_ms": 0.008545712851775366,
      "tflops": 844.7794550405866,
      "tc_util_pct": 37.545753557359404,
      "error": ""
    },
    {
      "stage": 3,
      "seqlen": 4096,
      "batch": 8,
      "nheads": 16,
      "headdim": 128,
      "causal": true,
      "warmup_ms": 0.49672580789774656,
      "avg_ms": 0.5467739666346461,
      "min_ms": 0.5445683025754988,
      "max_ms": 0.5489506642334163,
      "std_ms": 0.0011426894326269348,
      "tflops": 1005.699000266112,
      "tc_util_pct": 44.697733345160536,
      "error": ""
    },
    {
      "stage": 4,
      "seqlen": 4096,
      "batch": 8,
      "nheads": 16,
      "headdim": 128,
      "causal": true,
      "warmup_ms": 0.4966170061379671,
      "avg_ms": 0.5295104036728541,
      "min_ms": 0.49525604117661715,
      "max_ms": 0.5592770176008344,
      "std_ms": 0.02886020315927805,
      "tflops": 1038.487681831719,
      "tc_util_pct": 46.15500808140974,
      "error": ""
    },
    {
      "stage": 0,
      "seqlen": 8192,
      "batch": 4,
      "nheads": 16,
      "headdim": 128,
      "causal": true,
      "warmup_ms": 1.0421548038721085,
      "avg_ms": 5.03626591914023,
      "min_ms": 4.272349760867655,
      "max_ms": 5.253175040706992,
      "std_ms": 0.38166404518330493,
      "tflops": 218.34546927413373,
      "tc_util_pct": 9.70424307885039,
      "error": ""
    },
    {
      "stage": 1,
      "seqlen": 8192,
      "batch": 4,
      "nheads": 16,
      "headdim": 128,
      "causal": true,
      "warmup_ms": 0.8554304018616676,
      "avg_ms": 1.7072792475422223,
      "min_ms": 1.6905500087887049,
      "max_ms": 1.7296059522777796,
      "std_ms": 0.008030791299338518,
      "tflops": 644.0925508155952,
      "tc_util_pct": 28.62633559180423,
      "error": ""
    },
    {
      "stage": 2,
      "seqlen": 8192,
      "batch": 4,
      "nheads": 16,
      "headdim": 128,
      "causal": true,
      "warmup_ms": 0.8747881511226296,
      "avg_ms": 1.1984124857311447,
      "min_ms": 1.1022829334251583,
      "max_ms": 1.2310597347095609,
      "std_ms": 0.03398402500638887,
      "tflops": 917.5854378996329,
      "tc_util_pct": 40.78157501776146,
      "error": ""
    },
    {
      "stage": 3,
      "seqlen": 8192,
      "batch": 4,
      "nheads": 16,
      "headdim": 128,
      "causal": true,
      "warmup_ms": 0.937037798576057,
      "avg_ms": 1.036379315579931,
      "min_ms": 1.0285813361406326,
      "max_ms": 1.096218277234584,
      "std_ms": 0.015339255732821197,
      "tflops": 1061.0457281161257,
      "tc_util_pct": 47.157587916272256,
      "error": ""
    },
    {
      "stage": 4,
      "seqlen": 8192,
      "batch": 4,
      "nheads": 16,
      "headdim": 128,
      "causal": true,
      "warmup_ms": 1.0095112258568406,
      "avg_ms": 1.0185084965390463,
      "min_ms": 0.9988551028072834,
      "max_ms": 1.0220629628747702,
      "std_ms": 0.0054635347731702,
      "tflops": 1079.6629083023495,
      "tc_util_pct": 47.98501814677108,
      "error": ""
    }
  ]
}