Patch already applied, skipping...
===============================================
Compiling bench_cutlass_2sm_gemm.cu
===============================================
/workspace/Roofline-Analysis/experiments/blackwell_dsmem_2sm/../../cutlass/include/cutlass/gemm/kernel/sm100_static_tile_scheduler.hpp(53): warning #20012-D: __device__ annotation is ignored on a non-virtual function("StaticPersistentTileScheduler100") that is explicitly defaulted on its first declaration
    __inline__ __attribute__((always_inline)) __attribute__((device)) __attribute__((host))
                                                             ^

Remark: The warnings can be suppressed with "-diag-suppress <warning-number>"

/workspace/Roofline-Analysis/experiments/blackwell_dsmem_2sm/../../cutlass/include/cutlass/gemm/kernel/sm100_static_tile_scheduler.hpp(53): warning #20012-D: __host__ annotation is ignored on a non-virtual function("StaticPersistentTileScheduler100") that is explicitly defaulted on its first declaration
    __inline__ __attribute__((always_inline)) __attribute__((device)) __attribute__((host))
                                                                                     ^

/workspace/Roofline-Analysis/experiments/blackwell_dsmem_2sm/../../cutlass/include/cutlass/gemm/kernel/sm100_static_tile_scheduler.hpp(53): warning #20012-D: __device__ annotation is ignored on a non-virtual function("StaticPersistentTileScheduler100") that is explicitly defaulted on its first declaration
    __inline__ __attribute__((always_inline)) __attribute__((device)) __attribute__((host))
                                                             ^

Remark: The warnings can be suppressed with "-diag-suppress <warning-number>"

/workspace/Roofline-Analysis/experiments/blackwell_dsmem_2sm/../../cutlass/include/cutlass/gemm/kernel/sm100_static_tile_scheduler.hpp(53): warning #20012-D: __host__ annotation is ignored on a non-virtual function("StaticPersistentTileScheduler100") that is explicitly defaulted on its first declaration
    __inline__ __attribute__((always_inline)) __attribute__((device)) __attribute__((host))
                                                                                     ^

===============================================
Compiling bench_2sm_comparison.cu
===============================================
/workspace/Roofline-Analysis/experiments/blackwell_dsmem_2sm/../../cutlass/include/cutlass/gemm/kernel/sm100_static_tile_scheduler.hpp(53): warning #20012-D: __device__ annotation is ignored on a non-virtual function("StaticPersistentTileScheduler100") that is explicitly defaulted on its first declaration
    __inline__ __attribute__((always_inline)) __attribute__((device)) __attribute__((host))
                                                             ^

Remark: The warnings can be suppressed with "-diag-suppress <warning-number>"

/workspace/Roofline-Analysis/experiments/blackwell_dsmem_2sm/../../cutlass/include/cutlass/gemm/kernel/sm100_static_tile_scheduler.hpp(53): warning #20012-D: __host__ annotation is ignored on a non-virtual function("StaticPersistentTileScheduler100") that is explicitly defaulted on its first declaration
    __inline__ __attribute__((always_inline)) __attribute__((device)) __attribute__((host))
                                                                                     ^

/workspace/Roofline-Analysis/experiments/blackwell_dsmem_2sm/../../cutlass/include/cutlass/gemm/kernel/sm100_static_tile_scheduler.hpp(53): warning #20012-D: __device__ annotation is ignored on a non-virtual function("StaticPersistentTileScheduler100") that is explicitly defaulted on its first declaration
    __inline__ __attribute__((always_inline)) __attribute__((device)) __attribute__((host))
                                                             ^

Remark: The warnings can be suppressed with "-diag-suppress <warning-number>"

/workspace/Roofline-Analysis/experiments/blackwell_dsmem_2sm/../../cutlass/include/cutlass/gemm/kernel/sm100_static_tile_scheduler.hpp(53): warning #20012-D: __host__ annotation is ignored on a non-virtual function("StaticPersistentTileScheduler100") that is explicitly defaulted on its first declaration
    __inline__ __attribute__((always_inline)) __attribute__((device)) __attribute__((host))
                                                                                     ^

patching file include/cutlass/arch/synclog.hpp
Results written to /workspace/Roofline-Analysis/experiments/blackwell_dsmem_2sm/results/20260417_121724
