===============================================
Compiling bench_dsmem_read.cu
===============================================
===============================================
Compiling bench_dsmem_write.cu
===============================================
===============================================
Compiling bench_dsmem_pingpong.cu
===============================================
===============================================
Compiling bench_software_dsmem_gemm.cu
===============================================
===============================================
Compiling bench_cutlass_2sm_gemm.cu
===============================================
/workspace/Roofline-Analysis/experiments/blackwell_dsmem_2sm/../../cutlass/include/cutlass/gemm/kernel/sm100_static_tile_scheduler.hpp(53): warning #20012-D: __device__ annotation is ignored on a non-virtual function("StaticPersistentTileScheduler100") that is explicitly defaulted on its first declaration
    __inline__ __attribute__((always_inline)) __attribute__((device)) __attribute__((host))
                                                             ^

Remark: The warnings can be suppressed with "-diag-suppress <warning-number>"

/workspace/Roofline-Analysis/experiments/blackwell_dsmem_2sm/../../cutlass/include/cutlass/gemm/kernel/sm100_static_tile_scheduler.hpp(53): warning #20012-D: __host__ annotation is ignored on a non-virtual function("StaticPersistentTileScheduler100") that is explicitly defaulted on its first declaration
    __inline__ __attribute__((always_inline)) __attribute__((device)) __attribute__((host))
                                                                                     ^

/workspace/Roofline-Analysis/experiments/blackwell_dsmem_2sm/../../cutlass/include/cutlass/gemm/kernel/sm100_static_tile_scheduler.hpp(53): warning #20012-D: __device__ annotation is ignored on a non-virtual function("StaticPersistentTileScheduler100") that is explicitly defaulted on its first declaration
    __inline__ __attribute__((always_inline)) __attribute__((device)) __attribute__((host))
                                                             ^

Remark: The warnings can be suppressed with "-diag-suppress <warning-number>"

/workspace/Roofline-Analysis/experiments/blackwell_dsmem_2sm/../../cutlass/include/cutlass/gemm/kernel/sm100_static_tile_scheduler.hpp(53): warning #20012-D: __host__ annotation is ignored on a non-virtual function("StaticPersistentTileScheduler100") that is explicitly defaulted on its first declaration
    __inline__ __attribute__((always_inline)) __attribute__((device)) __attribute__((host))
                                                                                     ^

/workspace/Roofline-Analysis/experiments/blackwell_dsmem_2sm/../../cutlass/include/cutlass/gemm/kernel/sm100_static_tile_scheduler.hpp(53): warning #20012-D: __device__ annotation is ignored on a non-virtual function("StaticPersistentTileScheduler100") that is explicitly defaulted on its first declaration
    __inline__ __attribute__((always_inline)) __attribute__((device)) __attribute__((host))
                                                             ^

Remark: The warnings can be suppressed with "-diag-suppress <warning-number>"

/workspace/Roofline-Analysis/experiments/blackwell_dsmem_2sm/../../cutlass/include/cutlass/gemm/kernel/sm100_static_tile_scheduler.hpp(53): warning #20012-D: __host__ annotation is ignored on a non-virtual function("StaticPersistentTileScheduler100") that is explicitly defaulted on its first declaration
    __inline__ __attribute__((always_inline)) __attribute__((device)) __attribute__((host))
                                                                                     ^

cudaLaunchKernelEx read 4 failed: invalid argument
CONFIG benchmark=bench_dsmem_read mode=local repeats=10 warmup_repeats=3 iters=2048 buffer_bytes=65536 align_bytes=32 vec_bytes=4 cluster_dim_x=2
