=== host swizzle debug begin ===
a_smem_layout       = S<3,4,3> o 0 o ((128,16),1,4,1):((64,1),0,16,0)
a_smem_layout.outer = ((128,16),1,4,1):((64,1),0,16,0)
a_smem_layout.inner = S<3,4,3>
b_smem_layout       = S<3,4,3> o 0 o ((256,16),1,4,1):((64,1),0,16,0)
b_smem_layout.outer = ((256,16),1,4,1):((64,1),0,16,0)
b_smem_layout.inner = S<3,4,3>
=== host swizzle debug end ===
=== A swizzle mapping ===
  i |              coord |    raw |    swz
  0 |  ((0, 0), 0, 0, 0) |      0 |      0
  1 |  ((0, 1), 0, 0, 0) |      1 |      1
  2 |  ((0, 2), 0, 0, 0) |      2 |      2
  3 |  ((0, 3), 0, 0, 0) |      3 |      3
  4 |  ((0, 4), 0, 0, 0) |      4 |      4
  5 |  ((0, 5), 0, 0, 0) |      5 |      5
  6 |  ((0, 6), 0, 0, 0) |      6 |      6
  7 |  ((0, 7), 0, 0, 0) |      7 |      7
  8 |  ((0, 8), 0, 0, 0) |      8 |      8
  9 |  ((0, 9), 0, 0, 0) |      9 |      9
 10 | ((0, 10), 0, 0, 0) |     10 |     10
 11 | ((0, 11), 0, 0, 0) |     11 |     11
 12 | ((0, 12), 0, 0, 0) |     12 |     12
 13 | ((0, 13), 0, 0, 0) |     13 |     13
 14 | ((0, 14), 0, 0, 0) |     14 |     14
 15 | ((0, 15), 0, 0, 0) |     15 |     15
first raw!=swz index: 128
=== A first swizzle differences ===
  i |              coord |    raw |    swz
128 |  ((2, 0), 0, 0, 0) |    128 |    144
129 |  ((2, 1), 0, 0, 0) |    129 |    145
130 |  ((2, 2), 0, 0, 0) |    130 |    146
131 |  ((2, 3), 0, 0, 0) |    131 |    147
132 |  ((2, 4), 0, 0, 0) |    132 |    148
133 |  ((2, 5), 0, 0, 0) |    133 |    149
134 |  ((2, 6), 0, 0, 0) |    134 |    150
135 |  ((2, 7), 0, 0, 0) |    135 |    151
136 |  ((2, 8), 0, 0, 0) |    136 |    152
137 |  ((2, 9), 0, 0, 0) |    137 |    153
138 | ((2, 10), 0, 0, 0) |    138 |    154
139 | ((2, 11), 0, 0, 0) |    139 |    155
140 | ((2, 12), 0, 0, 0) |    140 |    156
141 | ((2, 13), 0, 0, 0) |    141 |    157
142 | ((2, 14), 0, 0, 0) |    142 |    158
143 | ((2, 15), 0, 0, 0) |    143 |    159

=== B swizzle mapping ===
  i |              coord |    raw |    swz
  0 |  ((0, 0), 0, 0, 0) |      0 |      0
  1 |  ((0, 1), 0, 0, 0) |      1 |      1
  2 |  ((0, 2), 0, 0, 0) |      2 |      2
  3 |  ((0, 3), 0, 0, 0) |      3 |      3
  4 |  ((0, 4), 0, 0, 0) |      4 |      4
  5 |  ((0, 5), 0, 0, 0) |      5 |      5
  6 |  ((0, 6), 0, 0, 0) |      6 |      6
  7 |  ((0, 7), 0, 0, 0) |      7 |      7
  8 |  ((0, 8), 0, 0, 0) |      8 |      8
  9 |  ((0, 9), 0, 0, 0) |      9 |      9
 10 | ((0, 10), 0, 0, 0) |     10 |     10
 11 | ((0, 11), 0, 0, 0) |     11 |     11
 12 | ((0, 12), 0, 0, 0) |     12 |     12
 13 | ((0, 13), 0, 0, 0) |     13 |     13
 14 | ((0, 14), 0, 0, 0) |     14 |     14
 15 | ((0, 15), 0, 0, 0) |     15 |     15
first raw!=swz index: 128
=== B first swizzle differences ===
  i |              coord |    raw |    swz
128 |  ((2, 0), 0, 0, 0) |    128 |    144
129 |  ((2, 1), 0, 0, 0) |    129 |    145
130 |  ((2, 2), 0, 0, 0) |    130 |    146
131 |  ((2, 3), 0, 0, 0) |    131 |    147
132 |  ((2, 4), 0, 0, 0) |    132 |    148
133 |  ((2, 5), 0, 0, 0) |    133 |    149
134 |  ((2, 6), 0, 0, 0) |    134 |    150
135 |  ((2, 7), 0, 0, 0) |    135 |    151
136 |  ((2, 8), 0, 0, 0) |    136 |    152
137 |  ((2, 9), 0, 0, 0) |    137 |    153
138 | ((2, 10), 0, 0, 0) |    138 |    154
139 | ((2, 11), 0, 0, 0) |    139 |    155
140 | ((2, 12), 0, 0, 0) |    140 |    156
141 | ((2, 13), 0, 0, 0) |    141 |    157
142 | ((2, 14), 0, 0, 0) |    142 |    158
143 | ((2, 15), 0, 0, 0) |    143 |    159

=== A fragment access ===
A.fragment.layout = (1,1,4,1):(0,0,2,0)
--- A k_block=0 ---
step |         frag_coord |    raw |    swz | raw_bank | swz_bank
   0 |             (0, 0) |      0 |      0 |        0 |        0

--- A k_block=1 ---
step |         frag_coord |    raw |    swz | raw_bank | swz_bank
   0 |             (0, 0) |      0 |      0 |        0 |        0

--- A k_block=2 ---
step |         frag_coord |    raw |    swz | raw_bank | swz_bank
   0 |             (0, 0) |      0 |      0 |        0 |        0

--- A k_block=3 ---
step |         frag_coord |    raw |    swz | raw_bank | swz_bank
   0 |             (0, 0) |      0 |      0 |        0 |        0

=== B fragment access ===
B.fragment.layout = (1,1,4,1):(0,0,2,0)
--- B k_block=0 ---
step |         frag_coord |    raw |    swz | raw_bank | swz_bank
   0 |             (0, 0) |      0 |      0 |        0 |        0

--- B k_block=1 ---
step |         frag_coord |    raw |    swz | raw_bank | swz_bank
   0 |             (0, 0) |      0 |      0 |        0 |        0

--- B k_block=2 ---
step |         frag_coord |    raw |    swz | raw_bank | swz_bank
   0 |             (0, 0) |      0 |      0 |        0 |        0

--- B k_block=3 ---
step |         frag_coord |    raw |    swz | raw_bank | swz_bank
   0 |             (0, 0) |      0 |      0 |        0 |        0

=== tiled mma summary ===
Tiled MMA
  Thr Layout VMNK: (1,1,1,1):(0,0,0,0)
  Permutation MNK: (_,_,_)
MMA Atom
  ThrID:           1:0
  Shape MNK:       (128,256,16)
  TV Layout A:     (1,(128,16)):(128,(1,128))
  TV Layout B:     (1,(256,16)):(256,(1,256))
  TV Layout C:     (1,(128,256)):(128,(1,128))
=== tiled_mma.tv_layout_A ===
tiled_mma.tv_layout_A.layout = (1,(128,16)):(128,(1,128))
  i |              coord |              value
  0 |        (0, (0, 0)) |                  0
  1 |        (0, (0, 1)) |                128
  2 |        (0, (0, 2)) |                256
  3 |        (0, (0, 3)) |                384
  4 |        (0, (0, 4)) |                512
  5 |        (0, (0, 5)) |                640
  6 |        (0, (0, 6)) |                768
  7 |        (0, (0, 7)) |                896
  8 |        (0, (0, 8)) |               1024
  9 |        (0, (0, 9)) |               1152
 10 |       (0, (0, 10)) |               1280
 11 |       (0, (0, 11)) |               1408
 12 |       (0, (0, 12)) |               1536
 13 |       (0, (0, 13)) |               1664
 14 |       (0, (0, 14)) |               1792
 15 |       (0, (0, 15)) |               1920
 16 |        (0, (1, 0)) |                  1
 17 |        (0, (1, 1)) |                129
 18 |        (0, (1, 2)) |                257
 19 |        (0, (1, 3)) |                385
 20 |        (0, (1, 4)) |                513
 21 |        (0, (1, 5)) |                641
 22 |        (0, (1, 6)) |                769
 23 |        (0, (1, 7)) |                897
 24 |        (0, (1, 8)) |               1025
 25 |        (0, (1, 9)) |               1153
 26 |       (0, (1, 10)) |               1281
 27 |       (0, (1, 11)) |               1409
 28 |       (0, (1, 12)) |               1537
 29 |       (0, (1, 13)) |               1665
 30 |       (0, (1, 14)) |               1793
 31 |       (0, (1, 15)) |               1921

=== tiled_mma.tv_layout_B ===
tiled_mma.tv_layout_B.layout = (1,(256,16)):(256,(1,256))
  i |              coord |              value
  0 |        (0, (0, 0)) |                  0
  1 |        (0, (0, 1)) |                256
  2 |        (0, (0, 2)) |                512
  3 |        (0, (0, 3)) |                768
  4 |        (0, (0, 4)) |               1024
  5 |        (0, (0, 5)) |               1280
  6 |        (0, (0, 6)) |               1536
  7 |        (0, (0, 7)) |               1792
  8 |        (0, (0, 8)) |               2048
  9 |        (0, (0, 9)) |               2304
 10 |       (0, (0, 10)) |               2560
 11 |       (0, (0, 11)) |               2816
 12 |       (0, (0, 12)) |               3072
 13 |       (0, (0, 13)) |               3328
 14 |       (0, (0, 14)) |               3584
 15 |       (0, (0, 15)) |               3840
 16 |        (0, (1, 0)) |                  1
 17 |        (0, (1, 1)) |                257
 18 |        (0, (1, 2)) |                513
 19 |        (0, (1, 3)) |                769
 20 |        (0, (1, 4)) |               1025
 21 |        (0, (1, 5)) |               1281
 22 |        (0, (1, 6)) |               1537
 23 |        (0, (1, 7)) |               1793
 24 |        (0, (1, 8)) |               2049
 25 |        (0, (1, 9)) |               2305
 26 |       (0, (1, 10)) |               2561
 27 |       (0, (1, 11)) |               2817
 28 |       (0, (1, 12)) |               3073
 29 |       (0, (1, 13)) |               3329
 30 |       (0, (1, 14)) |               3585
 31 |       (0, (1, 15)) |               3841

=== tiled_mma.tv_layout_A_tiled ===
tiled_mma.tv_layout_A_tiled.layout = (1,((128,16),(1,1))):(0,((1,128),(0,0)))
  i |              coord |              value
  0 | (0, ((0, 0), (0, 0))) |                  0
  1 | (0, ((0, 1), (0, 0))) |                128
  2 | (0, ((0, 2), (0, 0))) |                256
  3 | (0, ((0, 3), (0, 0))) |                384
  4 | (0, ((0, 4), (0, 0))) |                512
  5 | (0, ((0, 5), (0, 0))) |                640
  6 | (0, ((0, 6), (0, 0))) |                768
  7 | (0, ((0, 7), (0, 0))) |                896
  8 | (0, ((0, 8), (0, 0))) |               1024
  9 | (0, ((0, 9), (0, 0))) |               1152
 10 | (0, ((0, 10), (0, 0))) |               1280
 11 | (0, ((0, 11), (0, 0))) |               1408
 12 | (0, ((0, 12), (0, 0))) |               1536
 13 | (0, ((0, 13), (0, 0))) |               1664
 14 | (0, ((0, 14), (0, 0))) |               1792
 15 | (0, ((0, 15), (0, 0))) |               1920
 16 | (0, ((1, 0), (0, 0))) |                  1
 17 | (0, ((1, 1), (0, 0))) |                129
 18 | (0, ((1, 2), (0, 0))) |                257
 19 | (0, ((1, 3), (0, 0))) |                385
 20 | (0, ((1, 4), (0, 0))) |                513
 21 | (0, ((1, 5), (0, 0))) |                641
 22 | (0, ((1, 6), (0, 0))) |                769
 23 | (0, ((1, 7), (0, 0))) |                897
 24 | (0, ((1, 8), (0, 0))) |               1025
 25 | (0, ((1, 9), (0, 0))) |               1153
 26 | (0, ((1, 10), (0, 0))) |               1281
 27 | (0, ((1, 11), (0, 0))) |               1409
 28 | (0, ((1, 12), (0, 0))) |               1537
 29 | (0, ((1, 13), (0, 0))) |               1665
 30 | (0, ((1, 14), (0, 0))) |               1793
 31 | (0, ((1, 15), (0, 0))) |               1921

=== tiled_mma.tv_layout_B_tiled ===
tiled_mma.tv_layout_B_tiled.layout = (1,((256,16),(1,1))):(0,((1,256),(0,0)))
  i |              coord |              value
  0 | (0, ((0, 0), (0, 0))) |                  0
  1 | (0, ((0, 1), (0, 0))) |                256
  2 | (0, ((0, 2), (0, 0))) |                512
  3 | (0, ((0, 3), (0, 0))) |                768
  4 | (0, ((0, 4), (0, 0))) |               1024
  5 | (0, ((0, 5), (0, 0))) |               1280
  6 | (0, ((0, 6), (0, 0))) |               1536
  7 | (0, ((0, 7), (0, 0))) |               1792
  8 | (0, ((0, 8), (0, 0))) |               2048
  9 | (0, ((0, 9), (0, 0))) |               2304
 10 | (0, ((0, 10), (0, 0))) |               2560
 11 | (0, ((0, 11), (0, 0))) |               2816
 12 | (0, ((0, 12), (0, 0))) |               3072
 13 | (0, ((0, 13), (0, 0))) |               3328
 14 | (0, ((0, 14), (0, 0))) |               3584
 15 | (0, ((0, 15), (0, 0))) |               3840
 16 | (0, ((1, 0), (0, 0))) |                  1
 17 | (0, ((1, 1), (0, 0))) |                257
 18 | (0, ((1, 2), (0, 0))) |                513
 19 | (0, ((1, 3), (0, 0))) |                769
 20 | (0, ((1, 4), (0, 0))) |               1025
 21 | (0, ((1, 5), (0, 0))) |               1281
 22 | (0, ((1, 6), (0, 0))) |               1537
 23 | (0, ((1, 7), (0, 0))) |               1793
 24 | (0, ((1, 8), (0, 0))) |               2049
 25 | (0, ((1, 9), (0, 0))) |               2305
 26 | (0, ((1, 10), (0, 0))) |               2561
 27 | (0, ((1, 11), (0, 0))) |               2817
 28 | (0, ((1, 12), (0, 0))) |               3073
 29 | (0, ((1, 13), (0, 0))) |               3329
 30 | (0, ((1, 14), (0, 0))) |               3585
 31 | (0, ((1, 15), (0, 0))) |               3841

=== cta_v_map_A ===
cta_v_map_A.layout = ((128,16),1,4):((1@0,1@1),0,16@1)
  i |              coord |              value
  0 |     ((0, 0), 0, 0) |             (0, 0)
  1 |     ((0, 0), 0, 1) |            (0, 16)
  2 |     ((0, 0), 0, 2) |            (0, 32)
  3 |     ((0, 0), 0, 3) |            (0, 48)
  4 |     ((0, 1), 0, 0) |             (0, 1)
  5 |     ((0, 1), 0, 1) |            (0, 17)
  6 |     ((0, 1), 0, 2) |            (0, 33)
  7 |     ((0, 1), 0, 3) |            (0, 49)
  8 |     ((0, 2), 0, 0) |             (0, 2)
  9 |     ((0, 2), 0, 1) |            (0, 18)
 10 |     ((0, 2), 0, 2) |            (0, 34)
 11 |     ((0, 2), 0, 3) |            (0, 50)
 12 |     ((0, 3), 0, 0) |             (0, 3)
 13 |     ((0, 3), 0, 1) |            (0, 19)
 14 |     ((0, 3), 0, 2) |            (0, 35)
 15 |     ((0, 3), 0, 3) |            (0, 51)
 16 |     ((0, 4), 0, 0) |             (0, 4)
 17 |     ((0, 4), 0, 1) |            (0, 20)
 18 |     ((0, 4), 0, 2) |            (0, 36)
 19 |     ((0, 4), 0, 3) |            (0, 52)
 20 |     ((0, 5), 0, 0) |             (0, 5)
 21 |     ((0, 5), 0, 1) |            (0, 21)
 22 |     ((0, 5), 0, 2) |            (0, 37)
 23 |     ((0, 5), 0, 3) |            (0, 53)
 24 |     ((0, 6), 0, 0) |             (0, 6)
 25 |     ((0, 6), 0, 1) |            (0, 22)
 26 |     ((0, 6), 0, 2) |            (0, 38)
 27 |     ((0, 6), 0, 3) |            (0, 54)
 28 |     ((0, 7), 0, 0) |             (0, 7)
 29 |     ((0, 7), 0, 1) |            (0, 23)
 30 |     ((0, 7), 0, 2) |            (0, 39)
 31 |     ((0, 7), 0, 3) |            (0, 55)

=== cta_v_map_B ===
cta_v_map_B.layout = ((256,16),1,4):((1@0,1@1),0,16@1)
  i |              coord |              value
  0 |     ((0, 0), 0, 0) |             (0, 0)
  1 |     ((0, 0), 0, 1) |            (0, 16)
  2 |     ((0, 0), 0, 2) |            (0, 32)
  3 |     ((0, 0), 0, 3) |            (0, 48)
  4 |     ((0, 1), 0, 0) |             (0, 1)
  5 |     ((0, 1), 0, 1) |            (0, 17)
  6 |     ((0, 1), 0, 2) |            (0, 33)
  7 |     ((0, 1), 0, 3) |            (0, 49)
  8 |     ((0, 2), 0, 0) |             (0, 2)
  9 |     ((0, 2), 0, 1) |            (0, 18)
 10 |     ((0, 2), 0, 2) |            (0, 34)
 11 |     ((0, 2), 0, 3) |            (0, 50)
 12 |     ((0, 3), 0, 0) |             (0, 3)
 13 |     ((0, 3), 0, 1) |            (0, 19)
 14 |     ((0, 3), 0, 2) |            (0, 35)
 15 |     ((0, 3), 0, 3) |            (0, 51)
 16 |     ((0, 4), 0, 0) |             (0, 4)
 17 |     ((0, 4), 0, 1) |            (0, 20)
 18 |     ((0, 4), 0, 2) |            (0, 36)
 19 |     ((0, 4), 0, 3) |            (0, 52)
 20 |     ((0, 5), 0, 0) |             (0, 5)
 21 |     ((0, 5), 0, 1) |            (0, 21)
 22 |     ((0, 5), 0, 2) |            (0, 37)
 23 |     ((0, 5), 0, 3) |            (0, 53)
 24 |     ((0, 6), 0, 0) |             (0, 6)
 25 |     ((0, 6), 0, 1) |            (0, 22)
 26 |     ((0, 6), 0, 2) |            (0, 38)
 27 |     ((0, 6), 0, 3) |            (0, 54)
 28 |     ((0, 7), 0, 0) |             (0, 7)
 29 |     ((0, 7), 0, 1) |            (0, 23)
 30 |     ((0, 7), 0, 2) |            (0, 39)
 31 |     ((0, 7), 0, 3) |            (0, 55)

=== A thread/value partition ===
A.tiled_mma.size = 1
A.thr_layout_vmnk = (1,1,1,1):(0,0,0,0)
Traceback (most recent call last):
  File "/workspace/Roofline-Analysis/cute_gemm/mma_gemm_1cta_cutedsl.py", line 487, in <module>
    got = run_dense_gemm(a, b, debug_swizzle=args.debug_swizzle)
  File "/workspace/Roofline-Analysis/cute_gemm/mma_gemm_1cta_cutedsl.py", line 464, in run_dense_gemm
    return run_dense_gemm_prepared(c, a_tensor, b_tensor, c_tensor, debug_swizzle)
  File "/workspace/Roofline-Analysis/cute_gemm/mma_gemm_1cta_cutedsl.py", line 458, in run_dense_gemm_prepared
    host_function(a_tensor, b_tensor, c_tensor, debug_swizzle)
    ~~~~~~~~~~~~~^^^^^^^^^^^^^^^^^^^^^^^^^^^^^^^^^^^^^^^^^^^^^
  File "/workspace/Roofline-Analysis/cute_gemm/mma_gemm_1cta_cutedsl.py", line 382, in host_function
    if debug_swizzle:
    ...<23 lines>...
        dump_thread_value_partition("B", tiled_mma, b, mma_tiler_mnk, "B")
  File "/workspace/Roofline-Analysis/cute_gemm/mma_gemm_1cta_cutedsl.py", line 405, in then_block_1
    dump_thread_value_partition("A", tiled_mma, a, mma_tiler_mnk, "A")
    ~~~~~~~~~~~~~~~~~~~~~~~~~~~^^^^^^^^^^^^^^^^^^^^^^^^^^^^^^^^^^^^^^^
  File "/workspace/Roofline-Analysis/cute_gemm/mma_gemm_1cta_cutedsl.py", line 181, in dump_thread_value_partition
    part = thr_mma.partition_A(g_tile)
  File "/root/miniconda3/lib/python3.13/site-packages/nvidia_cutlass_dsl/python_packages/cutlass/cute/atom.py", line 472, in partition_A
    input_mk.value,
    ^^^^^^^^^^^^^^
AttributeError: '_Layout' object has no attribute 'value'
