===============================================
Compiling bench_gemm_reference.cu
===============================================
rm -f bench_gemm_reference
nvcc -std=c++17 -O3 -lineinfo -arch=sm_100a bench_gemm_reference.cu -o bench_gemm_reference -lcublas
===============================================
Running shape 128x128x128
===============================================
INFO device=0 name=NVIDIA B200 sm=100 max_threads_per_block=1024 multi_processor_count=148
CONFIG m=128 n=128 k=128 warmup=5 iters=20 block_m=16 block_n=16 alpha=1 beta=0 atol=0.001 rtol=0.001 backend=all check=1
CHECK benchmark=bench_gemm_reference m=128 n=128 k=128 pass=1 atol=1.000000e-03 rtol=1.000000e-03 max_abs=0.000000e+00 max_rel=0.000000e+00 l2_rel=0.000000e+00 fail_count=0
RESULT benchmark=bench_gemm_reference backend=naive m=128 n=128 k=128 warmup=5 iters=20 avg_ms=0.012064 median_ms=0.012416 min_ms=0.011040 gflops=337.814433 tflops=0.337814 checksum=-292.461313
RESULT benchmark=bench_gemm_reference backend=cublas m=128 n=128 k=128 warmup=5 iters=20 avg_ms=0.013090 median_ms=0.012592 min_ms=0.012096 gflops=333.092758 tflops=0.333093 checksum=-292.461313
===============================================
Running shape 512x512x512
===============================================
INFO device=0 name=NVIDIA B200 sm=100 max_threads_per_block=1024 multi_processor_count=148
CONFIG m=512 n=512 k=512 warmup=5 iters=20 block_m=16 block_n=16 alpha=1 beta=0 atol=0.001 rtol=0.001 backend=all check=1
CHECK benchmark=bench_gemm_reference m=512 n=512 k=512 pass=1 atol=1.000000e-03 rtol=1.000000e-03 max_abs=0.000000e+00 max_rel=0.000000e+00 l2_rel=0.000000e+00 fail_count=0
RESULT benchmark=bench_gemm_reference backend=naive m=512 n=512 k=512 warmup=5 iters=20 avg_ms=0.063136 median_ms=0.063008 min_ms=0.061888 gflops=4260.339060 tflops=4.260339 checksum=-5466.051136
RESULT benchmark=bench_gemm_reference backend=cublas m=512 n=512 k=512 warmup=5 iters=20 avg_ms=0.020893 median_ms=0.021104 min_ms=0.020064 gflops=12719.647912 tflops=12.719648 checksum=-5466.051136
===============================================
Running shape 1024x1024x1024
===============================================
INFO device=0 name=NVIDIA B200 sm=100 max_threads_per_block=1024 multi_processor_count=148
CONFIG m=1024 n=1024 k=1024 warmup=5 iters=20 block_m=16 block_n=16 alpha=1 beta=0 atol=0.001 rtol=0.001 backend=all check=1
CHECK benchmark=bench_gemm_reference m=1024 n=1024 k=1024 pass=1 atol=1.000000e-03 rtol=1.000000e-03 max_abs=0.000000e+00 max_rel=0.000000e+00 l2_rel=0.000000e+00 fail_count=0
RESULT benchmark=bench_gemm_reference backend=naive m=1024 n=1024 k=1024 warmup=5 iters=20 avg_ms=0.395149 median_ms=0.395600 min_ms=0.384320 gflops=5428.421882 tflops=5.428422 checksum=9860.372612
RESULT benchmark=bench_gemm_reference backend=cublas m=1024 n=1024 k=1024 warmup=5 iters=20 avg_ms=0.053288 median_ms=0.053392 min_ms=0.052096 gflops=40221.074843 tflops=40.221075 checksum=9860.372612
===============================================
Complete
===============================================
Output directory: /workspace/Roofline-Analysis/experiments/gemm_reference/results/20260420_041450
Benchmark CSV:    /workspace/Roofline-Analysis/experiments/gemm_reference/results/20260420_041450/benchmark.csv
Correctness CSV:  /workspace/Roofline-Analysis/experiments/gemm_reference/results/20260420_041450/correctness.csv
Summary JSON:     /workspace/Roofline-Analysis/experiments/gemm_reference/results/20260420_041450/summary.json
